0 info it worked if it ends with ok
1 verbose cli [ '/usr/local/Cellar/node/5.3.0/bin/node',
1 verbose cli   '/Users/benhernandez/.npm-packages/bin/npm',
1 verbose cli   'start' ]
2 info using npm@3.5.2
3 info using node@v5.3.0
4 verbose run-script [ 'prestart', 'start', 'poststart' ]
5 info lifecycle update-me@0.0.0~prestart: update-me@0.0.0
6 silly lifecycle update-me@0.0.0~prestart: no script for prestart, continuing
7 info lifecycle update-me@0.0.0~start: update-me@0.0.0
8 verbose lifecycle update-me@0.0.0~start: unsafe-perm in lifecycle true
9 verbose lifecycle update-me@0.0.0~start: PATH: /Users/benhernandez/.npm-packages/lib/node_modules/npm/bin/node-gyp-bin:/Users/benhernandez/gitShit/gstudy/node_modules/.bin:/Users/benhernandez/.npm-packages/bin:/usr/local/bin:/usr/bin:/bin:/usr/sbin:/sbin
10 verbose lifecycle update-me@0.0.0~start: CWD: /Users/benhernandez/gitShit/gstudy
11 silly lifecycle update-me@0.0.0~start: Args: [ '-c', 'webpack-dev-server --content-base app --hot' ]
12 silly lifecycle update-me@0.0.0~start: Returned: code: 1  signal: null
13 info lifecycle update-me@0.0.0~start: Failed to exec start script
14 verbose stack Error: update-me@0.0.0 start: `webpack-dev-server --content-base app --hot`
14 verbose stack Exit status 1
14 verbose stack     at EventEmitter.<anonymous> (/Users/benhernandez/.npm-packages/lib/node_modules/npm/lib/utils/lifecycle.js:232:16)
14 verbose stack     at emitTwo (events.js:87:13)
14 verbose stack     at EventEmitter.emit (events.js:172:7)
14 verbose stack     at ChildProcess.<anonymous> (/Users/benhernandez/.npm-packages/lib/node_modules/npm/lib/utils/spawn.js:24:14)
14 verbose stack     at emitTwo (events.js:87:13)
14 verbose stack     at ChildProcess.emit (events.js:172:7)
14 verbose stack     at maybeClose (internal/child_process.js:818:16)
14 verbose stack     at Process.ChildProcess._handle.onexit (internal/child_process.js:211:5)
15 verbose pkgid update-me@0.0.0
16 verbose cwd /Users/benhernandez/gitShit/gstudy
17 error Darwin 15.4.0
18 error argv "/usr/local/Cellar/node/5.3.0/bin/node" "/Users/benhernandez/.npm-packages/bin/npm" "start"
19 error node v5.3.0
20 error npm  v3.5.2
21 error code ELIFECYCLE
22 error update-me@0.0.0 start: `webpack-dev-server --content-base app --hot`
22 error Exit status 1
23 error Failed at the update-me@0.0.0 start script 'webpack-dev-server --content-base app --hot'.
23 error Make sure you have the latest version of node.js and npm installed.
23 error If you do, this is most likely a problem with the update-me package,
23 error not with npm itself.
23 error Tell the author that this fails on your system:
23 error     webpack-dev-server --content-base app --hot
23 error You can get information on how to open an issue for this project with:
23 error     npm bugs update-me
23 error Or if that isn't available, you can get their info via:
23 error     npm owner ls update-me
23 error There is likely additional logging output above.
24 verbose exit [ 1, true ]
